#! /c/Source/iverilog-install/bin/vvp
:ivl_version "12.0 (devel)" "(s20150603-1110-g18392a46)";
:ivl_delay_selection "TYPICAL";
:vpi_time_precision + 0;
:vpi_module "C:\iverilog\lib\ivl\system.vpi";
:vpi_module "C:\iverilog\lib\ivl\vhdl_sys.vpi";
:vpi_module "C:\iverilog\lib\ivl\vhdl_textio.vpi";
:vpi_module "C:\iverilog\lib\ivl\v2005_math.vpi";
:vpi_module "C:\iverilog\lib\ivl\va_math.vpi";
S_000002389eadec90 .scope module, "NandDataFlowtb" "NandDataFlowtb" 2 1;
 .timescale 0 0;
v000002389eadbdd0_0 .var "A", 0 0;
v000002389eadbe70_0 .var "B", 0 0;
v000002389eadbf10_0 .net "C", 0 0, L_000002389eaf3100;  1 drivers
S_000002389eadee20 .scope module, "dut" "NandDataFlow" 2 4, 3 1 0, S_000002389eadec90;
 .timescale 0 0;
    .port_info 0 /INPUT 1 "a";
    .port_info 1 /INPUT 1 "b";
    .port_info 2 /OUTPUT 1 "c";
L_000002389eaf2fa0 .functor AND 1, v000002389eadbdd0_0, v000002389eadbe70_0, C4<1>, C4<1>;
L_000002389eaf3100 .functor NOT 1, L_000002389eaf2fa0, C4<0>, C4<0>, C4<0>;
v000002389ead8bf0_0 .net *"_ivl_0", 0 0, L_000002389eaf2fa0;  1 drivers
v000002389eb254d0_0 .net "a", 0 0, v000002389eadbdd0_0;  1 drivers
v000002389eadbc90_0 .net "b", 0 0, v000002389eadbe70_0;  1 drivers
v000002389eadbd30_0 .net "c", 0 0, L_000002389eaf3100;  alias, 1 drivers
    .scope S_000002389eadec90;
T_0 ;
    %delay 5, 0;
    %pushi/vec4 0, 0, 1;
    %store/vec4 v000002389eadbdd0_0, 0, 1;
    %pushi/vec4 0, 0, 1;
    %store/vec4 v000002389eadbe70_0, 0, 1;
    %delay 5, 0;
    %pushi/vec4 0, 0, 1;
    %store/vec4 v000002389eadbdd0_0, 0, 1;
    %pushi/vec4 1, 0, 1;
    %store/vec4 v000002389eadbe70_0, 0, 1;
    %delay 5, 0;
    %pushi/vec4 1, 0, 1;
    %store/vec4 v000002389eadbdd0_0, 0, 1;
    %pushi/vec4 0, 0, 1;
    %store/vec4 v000002389eadbe70_0, 0, 1;
    %delay 5, 0;
    %pushi/vec4 1, 0, 1;
    %store/vec4 v000002389eadbdd0_0, 0, 1;
    %pushi/vec4 1, 0, 1;
    %store/vec4 v000002389eadbe70_0, 0, 1;
    %end;
    .thread T_0;
    .scope S_000002389eadec90;
T_1 ;
    %vpi_call 2 14 "$monitor", "simtime = %g, A =%b, B =%b, C =%b", $time, v000002389eadbdd0_0, v000002389eadbe70_0, v000002389eadbf10_0 {0 0 0};
    %end;
    .thread T_1;
# The file index is used to find the file name in the following table.
:file_names 4;
    "N/A";
    "<interactive>";
    "NandDataFlowtb.v";
    "NandDataFlow.v";
