#! /c/Source/iverilog-install/bin/vvp
:ivl_version "12.0 (devel)" "(s20150603-1110-g18392a46)";
:ivl_delay_selection "TYPICAL";
:vpi_time_precision + 0;
:vpi_module "C:\iverilog\lib\ivl\system.vpi";
:vpi_module "C:\iverilog\lib\ivl\vhdl_sys.vpi";
:vpi_module "C:\iverilog\lib\ivl\vhdl_textio.vpi";
:vpi_module "C:\iverilog\lib\ivl\v2005_math.vpi";
:vpi_module "C:\iverilog\lib\ivl\va_math.vpi";
S_0000018c86248d00 .scope module, "NandGateLeveltb" "NandGateLeveltb" 2 1;
 .timescale 0 0;
v0000018c8624bda0_0 .var "A", 0 0;
v0000018c8624be40_0 .var "B", 0 0;
v0000018c8624bee0_0 .net "C", 0 0, L_0000018c86072fa0;  1 drivers
S_0000018c86248e90 .scope module, "dut" "NandGateLevel" 2 4, 3 1 0, S_0000018c86248d00;
 .timescale 0 0;
    .port_info 0 /INPUT 1 "a";
    .port_info 1 /INPUT 1 "b";
    .port_info 2 /OUTPUT 1 "c";
L_0000018c862490c0 .functor AND 1, v0000018c8624bda0_0, v0000018c8624be40_0, C4<1>, C4<1>;
L_0000018c86072fa0 .functor NOT 1, L_0000018c862490c0, C4<0>, C4<0>, C4<0>;
v0000018c86248850_0 .net "a", 0 0, v0000018c8624bda0_0;  1 drivers
v0000018c860a58d0_0 .net "b", 0 0, v0000018c8624be40_0;  1 drivers
v0000018c8624eed0_0 .net "c", 0 0, L_0000018c86072fa0;  alias, 1 drivers
v0000018c86249020_0 .net "c1", 0 0, L_0000018c862490c0;  1 drivers
    .scope S_0000018c86248d00;
T_0 ;
    %delay 5, 0;
    %pushi/vec4 0, 0, 1;
    %store/vec4 v0000018c8624bda0_0, 0, 1;
    %pushi/vec4 0, 0, 1;
    %store/vec4 v0000018c8624be40_0, 0, 1;
    %delay 5, 0;
    %pushi/vec4 0, 0, 1;
    %store/vec4 v0000018c8624bda0_0, 0, 1;
    %pushi/vec4 1, 0, 1;
    %store/vec4 v0000018c8624be40_0, 0, 1;
    %delay 5, 0;
    %pushi/vec4 1, 0, 1;
    %store/vec4 v0000018c8624bda0_0, 0, 1;
    %pushi/vec4 0, 0, 1;
    %store/vec4 v0000018c8624be40_0, 0, 1;
    %delay 5, 0;
    %pushi/vec4 1, 0, 1;
    %store/vec4 v0000018c8624bda0_0, 0, 1;
    %pushi/vec4 1, 0, 1;
    %store/vec4 v0000018c8624be40_0, 0, 1;
    %end;
    .thread T_0;
    .scope S_0000018c86248d00;
T_1 ;
    %vpi_call 2 14 "$monitor", "simtime = %g, A =%b, B =%b, C =%b", $time, v0000018c8624bda0_0, v0000018c8624be40_0, v0000018c8624bee0_0 {0 0 0};
    %end;
    .thread T_1;
# The file index is used to find the file name in the following table.
:file_names 4;
    "N/A";
    "<interactive>";
    "NandGateLeveltb.v";
    "NandGateLevel.v";
