#! /c/Source/iverilog-install/bin/vvp
:ivl_version "12.0 (devel)" "(s20150603-1110-g18392a46)";
:ivl_delay_selection "TYPICAL";
:vpi_time_precision + 0;
:vpi_module "C:\iverilog\lib\ivl\system.vpi";
:vpi_module "C:\iverilog\lib\ivl\vhdl_sys.vpi";
:vpi_module "C:\iverilog\lib\ivl\vhdl_textio.vpi";
:vpi_module "C:\iverilog\lib\ivl\v2005_math.vpi";
:vpi_module "C:\iverilog\lib\ivl\va_math.vpi";
S_000001702d326aa0 .scope module, "fullAdderGLTB" "fullAdderGLTB" 2 2;
 .timescale 0 0;
v000001702d2f2b30_0 .var "A", 0 0;
v000001702d36b840_0 .var "B", 0 0;
v000001702d36b8e0_0 .net "Carry", 0 0, L_000001702d36bca0;  1 drivers
v000001702d36b980_0 .var "Cin", 0 0;
v000001702d323690_0 .net "Sum", 0 0, L_000001702d36c170;  1 drivers
S_000001702d326c30 .scope module, "uut" "fullAdderGL" 2 10, 3 2 0, S_000001702d326aa0;
 .timescale 0 0;
    .port_info 0 /INPUT 1 "a";
    .port_info 1 /INPUT 1 "b";
    .port_info 2 /INPUT 1 "cin";
    .port_info 3 /OUTPUT 1 "sum";
    .port_info 4 /OUTPUT 1 "carry";
L_000001702d2f30e0 .functor XOR 1, v000001702d2f2b30_0, v000001702d36b840_0, C4<0>, C4<0>;
L_000001702d36bbc0 .functor AND 1, v000001702d2f2b30_0, v000001702d36b840_0, C4<1>, C4<1>;
L_000001702d36c170 .functor XOR 1, L_000001702d2f30e0, v000001702d36b980_0, C4<0>, C4<0>;
L_000001702d36bf40 .functor AND 1, L_000001702d2f30e0, v000001702d36b980_0, C4<1>, C4<1>;
L_000001702d36bca0 .functor OR 1, L_000001702d36bbc0, L_000001702d36bf40, C4<0>, C4<0>;
v000001702d326dc0_0 .net "a", 0 0, v000001702d2f2b30_0;  1 drivers
v000001702d315010_0 .net "b", 0 0, v000001702d36b840_0;  1 drivers
v000001702d2f2770_0 .net "c1", 0 0, L_000001702d36bbc0;  1 drivers
v000001702d2f2810_0 .net "c2", 0 0, L_000001702d36bf40;  1 drivers
v000001702d2f28b0_0 .net "carry", 0 0, L_000001702d36bca0;  alias, 1 drivers
v000001702d2f2950_0 .net "cin", 0 0, v000001702d36b980_0;  1 drivers
v000001702d2f29f0_0 .net "s1", 0 0, L_000001702d2f30e0;  1 drivers
v000001702d2f2a90_0 .net "sum", 0 0, L_000001702d36c170;  alias, 1 drivers
    .scope S_000001702d326aa0;
T_0 ;
    %pushi/vec4 0, 0, 1;
    %store/vec4 v000001702d2f2b30_0, 0, 1;
    %pushi/vec4 0, 0, 1;
    %store/vec4 v000001702d36b840_0, 0, 1;
    %delay 10, 0;
    %pushi/vec4 1, 0, 1;
    %store/vec4 v000001702d2f2b30_0, 0, 1;
    %pushi/vec4 0, 0, 1;
    %store/vec4 v000001702d36b840_0, 0, 1;
    %pushi/vec4 0, 0, 1;
    %store/vec4 v000001702d36b980_0, 0, 1;
    %delay 10, 0;
    %pushi/vec4 0, 0, 1;
    %store/vec4 v000001702d2f2b30_0, 0, 1;
    %pushi/vec4 1, 0, 1;
    %store/vec4 v000001702d36b840_0, 0, 1;
    %pushi/vec4 0, 0, 1;
    %store/vec4 v000001702d36b980_0, 0, 1;
    %delay 10, 0;
    %pushi/vec4 1, 0, 1;
    %store/vec4 v000001702d2f2b30_0, 0, 1;
    %pushi/vec4 1, 0, 1;
    %store/vec4 v000001702d36b840_0, 0, 1;
    %pushi/vec4 1, 0, 1;
    %store/vec4 v000001702d36b980_0, 0, 1;
    %end;
    .thread T_0;
    .scope S_000001702d326aa0;
T_1 ;
    %vpi_call 2 19 "$monitor", "T=%0t,A=%b,B=%b,Cin=%b,Sum=%b,Carry=%b", $time, v000001702d2f2b30_0, v000001702d36b840_0, v000001702d36b980_0, v000001702d323690_0, v000001702d36b8e0_0 {0 0 0};
    %end;
    .thread T_1;
# The file index is used to find the file name in the following table.
:file_names 4;
    "N/A";
    "<interactive>";
    "fullAdderGLTB.v";
    "fullAdderGL.v";
