#! /c/Source/iverilog-install/bin/vvp
:ivl_version "12.0 (devel)" "(s20150603-1110-g18392a46)";
:ivl_delay_selection "TYPICAL";
:vpi_time_precision + 0;
:vpi_module "C:\iverilog\lib\ivl\system.vpi";
:vpi_module "C:\iverilog\lib\ivl\vhdl_sys.vpi";
:vpi_module "C:\iverilog\lib\ivl\vhdl_textio.vpi";
:vpi_module "C:\iverilog\lib\ivl\v2005_math.vpi";
:vpi_module "C:\iverilog\lib\ivl\va_math.vpi";
S_000001fb1753af40 .scope module, "halfAdderDFTB" "halfAdderDFTB" 2 2;
 .timescale 0 0;
v000001fb17552a90_0 .var "A", 0 0;
v000001fb17552b30_0 .var "B", 0 0;
v000001fb175d1850_0 .net "C", 0 0, L_000001fb175d2840;  1 drivers
v000001fb175d2660_0 .net "S", 0 0, L_000001fb175d2480;  1 drivers
S_000001fb1753b0d0 .scope module, "uut" "halfAdderDF" 2 9, 3 2 0, S_000001fb1753af40;
 .timescale 0 0;
    .port_info 0 /INPUT 1 "a";
    .port_info 1 /INPUT 1 "b";
    .port_info 2 /OUTPUT 1 "s";
    .port_info 3 /OUTPUT 1 "c";
L_000001fb175d2950 .functor BUFT 1, C4<0>, C4<0>, C4<0>, C4<0>;
v000001fb17585300_0 .net *"_ivl_10", 0 0, L_000001fb175d2950;  1 drivers
v000001fb1753bdb0_0 .net *"_ivl_11", 1 0, L_000001fb175d2160;  1 drivers
v000001fb1753be50_0 .net *"_ivl_3", 1 0, L_000001fb175d1f80;  1 drivers
L_000001fb175d2908 .functor BUFT 1, C4<0>, C4<0>, C4<0>, C4<0>;
v000001fb1753bef0_0 .net *"_ivl_6", 0 0, L_000001fb175d2908;  1 drivers
v000001fb17552770_0 .net *"_ivl_7", 1 0, L_000001fb175d1ee0;  1 drivers
v000001fb17552810_0 .net "a", 0 0, v000001fb17552a90_0;  1 drivers
v000001fb175528b0_0 .net "b", 0 0, v000001fb17552b30_0;  1 drivers
v000001fb17552950_0 .net "c", 0 0, L_000001fb175d2840;  alias, 1 drivers
v000001fb175529f0_0 .net "s", 0 0, L_000001fb175d2480;  alias, 1 drivers
L_000001fb175d2840 .part L_000001fb175d2160, 1, 1;
L_000001fb175d2480 .part L_000001fb175d2160, 0, 1;
L_000001fb175d1f80 .concat [ 1 1 0 0], v000001fb17552a90_0, L_000001fb175d2908;
L_000001fb175d1ee0 .concat [ 1 1 0 0], v000001fb17552b30_0, L_000001fb175d2950;
L_000001fb175d2160 .arith/sum 2, L_000001fb175d1f80, L_000001fb175d1ee0;
    .scope S_000001fb1753af40;
T_0 ;
    %pushi/vec4 0, 0, 1;
    %store/vec4 v000001fb17552a90_0, 0, 1;
    %pushi/vec4 0, 0, 1;
    %store/vec4 v000001fb17552b30_0, 0, 1;
    %delay 10, 0;
    %pushi/vec4 1, 0, 1;
    %store/vec4 v000001fb17552a90_0, 0, 1;
    %pushi/vec4 0, 0, 1;
    %store/vec4 v000001fb17552b30_0, 0, 1;
    %delay 10, 0;
    %pushi/vec4 0, 0, 1;
    %store/vec4 v000001fb17552a90_0, 0, 1;
    %pushi/vec4 1, 0, 1;
    %store/vec4 v000001fb17552b30_0, 0, 1;
    %delay 10, 0;
    %pushi/vec4 1, 0, 1;
    %store/vec4 v000001fb17552a90_0, 0, 1;
    %pushi/vec4 1, 0, 1;
    %store/vec4 v000001fb17552b30_0, 0, 1;
    %end;
    .thread T_0;
    .scope S_000001fb1753af40;
T_1 ;
    %vpi_call 2 18 "$monitor", "T=%0t,A=%b,B=%b,S=%b,C=%b", $time, v000001fb17552a90_0, v000001fb17552b30_0, v000001fb175d2660_0, v000001fb175d1850_0 {0 0 0};
    %end;
    .thread T_1;
# The file index is used to find the file name in the following table.
:file_names 4;
    "N/A";
    "<interactive>";
    "halfAdderDFTB.v";
    "halfAdderDF.v";
