#! /c/Source/iverilog-install/bin/vvp
:ivl_version "12.0 (devel)" "(s20150603-1110-g18392a46)";
:ivl_delay_selection "TYPICAL";
:vpi_time_precision + 0;
:vpi_module "C:\iverilog\lib\ivl\system.vpi";
:vpi_module "C:\iverilog\lib\ivl\vhdl_sys.vpi";
:vpi_module "C:\iverilog\lib\ivl\vhdl_textio.vpi";
:vpi_module "C:\iverilog\lib\ivl\v2005_math.vpi";
:vpi_module "C:\iverilog\lib\ivl\va_math.vpi";
S_000001f5d7088c10 .scope module, "halfAdderGLTB" "halfAdderGLTB" 2 2;
 .timescale 0 0;
v000001f5d6ee5db0_0 .var "A", 0 0;
v000001f5d6ee5e50_0 .var "B", 0 0;
v000001f5d708b930_0 .net "C", 0 0, L_000001f5d6eb32b0;  1 drivers
v000001f5d708b9d0_0 .net "S", 0 0, L_000001f5d6eb3150;  1 drivers
S_000001f5d6ee5a40 .scope module, "uut" "halfAdderGL" 2 9, 3 2 0, S_000001f5d7088c10;
 .timescale 0 0;
    .port_info 0 /INPUT 1 "a";
    .port_info 1 /INPUT 1 "b";
    .port_info 2 /OUTPUT 1 "s";
    .port_info 3 /OUTPUT 1 "c";
L_000001f5d6eb3150 .functor XOR 1, v000001f5d6ee5db0_0, v000001f5d6ee5e50_0, C4<0>, C4<0>;
L_000001f5d6eb32b0 .functor AND 1, v000001f5d6ee5db0_0, v000001f5d6ee5e50_0, C4<1>, C4<1>;
v000001f5d6ee5bd0_0 .net "a", 0 0, v000001f5d6ee5db0_0;  1 drivers
v000001f5d6eb2c80_0 .net "b", 0 0, v000001f5d6ee5e50_0;  1 drivers
v000001f5d6ee5c70_0 .net "c", 0 0, L_000001f5d6eb32b0;  alias, 1 drivers
v000001f5d6ee5d10_0 .net "s", 0 0, L_000001f5d6eb3150;  alias, 1 drivers
    .scope S_000001f5d7088c10;
T_0 ;
    %pushi/vec4 0, 0, 1;
    %store/vec4 v000001f5d6ee5db0_0, 0, 1;
    %pushi/vec4 0, 0, 1;
    %store/vec4 v000001f5d6ee5e50_0, 0, 1;
    %delay 10, 0;
    %pushi/vec4 1, 0, 1;
    %store/vec4 v000001f5d6ee5db0_0, 0, 1;
    %pushi/vec4 0, 0, 1;
    %store/vec4 v000001f5d6ee5e50_0, 0, 1;
    %delay 10, 0;
    %pushi/vec4 0, 0, 1;
    %store/vec4 v000001f5d6ee5db0_0, 0, 1;
    %pushi/vec4 1, 0, 1;
    %store/vec4 v000001f5d6ee5e50_0, 0, 1;
    %delay 10, 0;
    %pushi/vec4 1, 0, 1;
    %store/vec4 v000001f5d6ee5db0_0, 0, 1;
    %pushi/vec4 1, 0, 1;
    %store/vec4 v000001f5d6ee5e50_0, 0, 1;
    %end;
    .thread T_0;
    .scope S_000001f5d7088c10;
T_1 ;
    %vpi_call 2 18 "$monitor", "T=%0t,A=%b,B=%b,S=%b,C=%b", $time, v000001f5d6ee5db0_0, v000001f5d6ee5e50_0, v000001f5d708b9d0_0, v000001f5d708b930_0 {0 0 0};
    %end;
    .thread T_1;
# The file index is used to find the file name in the following table.
:file_names 4;
    "N/A";
    "<interactive>";
    "halfAdderGLTB.v";
    "halfAdderGL.v";
