#! /c/Source/iverilog-install/bin/vvp
:ivl_version "12.0 (devel)" "(s20150603-1110-g18392a46)";
:ivl_delay_selection "TYPICAL";
:vpi_time_precision + 0;
:vpi_module "C:\iverilog\lib\ivl\system.vpi";
:vpi_module "C:\iverilog\lib\ivl\vhdl_sys.vpi";
:vpi_module "C:\iverilog\lib\ivl\vhdl_textio.vpi";
:vpi_module "C:\iverilog\lib\ivl\v2005_math.vpi";
:vpi_module "C:\iverilog\lib\ivl\va_math.vpi";
S_00000201f75c7fe0 .scope module, "salu_tb" "salu_tb" 2 1;
 .timescale 0 0;
v00000201f75c83a0_0 .var "Mux", 3 0;
v00000201f75b7830_0 .net "Result", 7 0, L_00000201f75cc100;  1 drivers
v00000201f75b78d0_0 .var "opA", 7 0;
v00000201f75b7970_0 .var "opB", 7 0;
S_00000201f75c8170 .scope module, "SALU" "salu" 2 12, 3 3 0, S_00000201f75c7fe0;
 .timescale 0 0;
    .port_info 0 /INPUT 8 "operanda";
    .port_info 1 /INPUT 8 "operandb";
    .port_info 2 /INPUT 4 "mux";
    .port_info 3 /OUTPUT 8 "result";
L_00000201f75cbed0 .functor BUFZ 8, v00000201f75b78d0_0, C4<00000000>, C4<00000000>, C4<00000000>;
L_00000201f75cbf40 .functor BUFZ 8, v00000201f75b7970_0, C4<00000000>, C4<00000000>, C4<00000000>;
L_00000201f75cc100 .functor BUFZ 8, v00000201f757be60_0, C4<00000000>, C4<00000000>, C4<00000000>;
v00000201f7579fb0_0 .net "mux", 3 0, v00000201f75c83a0_0;  1 drivers
v00000201f7592c80_0 .net "op1", 7 0, L_00000201f75cbed0;  1 drivers
v00000201f7579680_0 .net "op2", 7 0, L_00000201f75cbf40;  1 drivers
v00000201f7579510_0 .net "operanda", 7 0, v00000201f75b78d0_0;  1 drivers
v00000201f757bdc0_0 .net "operandb", 7 0, v00000201f75b7970_0;  1 drivers
v00000201f757be60_0 .var "r", 7 0;
v00000201f75c8300_0 .net "result", 7 0, L_00000201f75cc100;  alias, 1 drivers
E_00000201f75b8ae0 .event anyedge, v00000201f7579680_0, v00000201f7592c80_0, v00000201f7579fb0_0;
    .scope S_00000201f75c8170;
T_0 ;
    %wait E_00000201f75b8ae0;
    %load/vec4 v00000201f7579fb0_0;
    %dup/vec4;
    %pushi/vec4 0, 0, 4;
    %cmp/u;
    %jmp/1 T_0.0, 6;
    %dup/vec4;
    %pushi/vec4 1, 0, 4;
    %cmp/u;
    %jmp/1 T_0.1, 6;
    %dup/vec4;
    %pushi/vec4 2, 0, 4;
    %cmp/u;
    %jmp/1 T_0.2, 6;
    %dup/vec4;
    %pushi/vec4 3, 0, 4;
    %cmp/u;
    %jmp/1 T_0.3, 6;
    %dup/vec4;
    %pushi/vec4 4, 0, 4;
    %cmp/u;
    %jmp/1 T_0.4, 6;
    %dup/vec4;
    %pushi/vec4 5, 0, 4;
    %cmp/u;
    %jmp/1 T_0.5, 6;
    %dup/vec4;
    %pushi/vec4 6, 0, 4;
    %cmp/u;
    %jmp/1 T_0.6, 6;
    %dup/vec4;
    %pushi/vec4 7, 0, 4;
    %cmp/u;
    %jmp/1 T_0.7, 6;
    %dup/vec4;
    %pushi/vec4 8, 0, 4;
    %cmp/u;
    %jmp/1 T_0.8, 6;
    %dup/vec4;
    %pushi/vec4 9, 0, 4;
    %cmp/u;
    %jmp/1 T_0.9, 6;
    %dup/vec4;
    %pushi/vec4 10, 0, 4;
    %cmp/u;
    %jmp/1 T_0.10, 6;
    %dup/vec4;
    %pushi/vec4 11, 0, 4;
    %cmp/u;
    %jmp/1 T_0.11, 6;
    %jmp T_0.12;
T_0.0 ;
    %load/vec4 v00000201f7592c80_0;
    %load/vec4 v00000201f7579680_0;
    %add;
    %store/vec4 v00000201f757be60_0, 0, 8;
    %jmp T_0.12;
T_0.1 ;
    %load/vec4 v00000201f7592c80_0;
    %load/vec4 v00000201f7579680_0;
    %sub;
    %store/vec4 v00000201f757be60_0, 0, 8;
    %jmp T_0.12;
T_0.2 ;
    %load/vec4 v00000201f7592c80_0;
    %load/vec4 v00000201f7579680_0;
    %mul;
    %store/vec4 v00000201f757be60_0, 0, 8;
    %jmp T_0.12;
T_0.3 ;
    %load/vec4 v00000201f7592c80_0;
    %load/vec4 v00000201f7579680_0;
    %div;
    %store/vec4 v00000201f757be60_0, 0, 8;
    %jmp T_0.12;
T_0.4 ;
    %load/vec4 v00000201f7592c80_0;
    %inv;
    %store/vec4 v00000201f757be60_0, 0, 8;
    %jmp T_0.12;
T_0.5 ;
    %load/vec4 v00000201f7592c80_0;
    %load/vec4 v00000201f7579680_0;
    %and;
    %store/vec4 v00000201f757be60_0, 0, 8;
    %jmp T_0.12;
T_0.6 ;
    %load/vec4 v00000201f7592c80_0;
    %load/vec4 v00000201f7579680_0;
    %or;
    %store/vec4 v00000201f757be60_0, 0, 8;
    %jmp T_0.12;
T_0.7 ;
    %load/vec4 v00000201f7592c80_0;
    %load/vec4 v00000201f7579680_0;
    %and;
    %inv;
    %store/vec4 v00000201f757be60_0, 0, 8;
    %jmp T_0.12;
T_0.8 ;
    %load/vec4 v00000201f7592c80_0;
    %load/vec4 v00000201f7579680_0;
    %or;
    %inv;
    %store/vec4 v00000201f757be60_0, 0, 8;
    %jmp T_0.12;
T_0.9 ;
    %load/vec4 v00000201f7592c80_0;
    %load/vec4 v00000201f7579680_0;
    %xor;
    %store/vec4 v00000201f757be60_0, 0, 8;
    %jmp T_0.12;
T_0.10 ;
    %load/vec4 v00000201f7592c80_0;
    %ix/load 4, 1, 0;
    %flag_set/imm 4, 0;
    %shiftl 4;
    %store/vec4 v00000201f757be60_0, 0, 8;
    %jmp T_0.12;
T_0.11 ;
    %load/vec4 v00000201f7592c80_0;
    %ix/load 4, 1, 0;
    %flag_set/imm 4, 0;
    %shiftr 4;
    %store/vec4 v00000201f757be60_0, 0, 8;
    %jmp T_0.12;
T_0.12 ;
    %pop/vec4 1;
    %jmp T_0;
    .thread T_0, $push;
    .scope S_00000201f75c7fe0;
T_1 ;
    %vpi_call 2 15 "$dumpfile", "wave.vcd" {0 0 0};
    %vpi_call 2 16 "$dumpvars" {0 0 0};
    %vpi_call 2 17 "$monitor", "simtime=%g,opA=%b,opB=%b,Mux=%h,Result=%b", $time, v00000201f75b78d0_0, v00000201f75b7970_0, v00000201f75c83a0_0, v00000201f75b7830_0 {0 0 0};
    %pushi/vec4 106, 0, 8;
    %store/vec4 v00000201f75b78d0_0, 0, 8;
    %pushi/vec4 59, 0, 8;
    %store/vec4 v00000201f75b7970_0, 0, 8;
    %pushi/vec4 0, 0, 4;
    %store/vec4 v00000201f75c83a0_0, 0, 4;
    %delay 10, 0;
    %pushi/vec4 1, 0, 4;
    %store/vec4 v00000201f75c83a0_0, 0, 4;
    %delay 10, 0;
    %pushi/vec4 2, 0, 4;
    %store/vec4 v00000201f75c83a0_0, 0, 4;
    %delay 10, 0;
    %pushi/vec4 3, 0, 4;
    %store/vec4 v00000201f75c83a0_0, 0, 4;
    %delay 10, 0;
    %pushi/vec4 4, 0, 4;
    %store/vec4 v00000201f75c83a0_0, 0, 4;
    %delay 10, 0;
    %pushi/vec4 5, 0, 4;
    %store/vec4 v00000201f75c83a0_0, 0, 4;
    %delay 10, 0;
    %pushi/vec4 6, 0, 4;
    %store/vec4 v00000201f75c83a0_0, 0, 4;
    %delay 10, 0;
    %pushi/vec4 7, 0, 4;
    %store/vec4 v00000201f75c83a0_0, 0, 4;
    %delay 10, 0;
    %pushi/vec4 8, 0, 4;
    %store/vec4 v00000201f75c83a0_0, 0, 4;
    %delay 10, 0;
    %pushi/vec4 9, 0, 4;
    %store/vec4 v00000201f75c83a0_0, 0, 4;
    %delay 10, 0;
    %pushi/vec4 10, 0, 4;
    %store/vec4 v00000201f75c83a0_0, 0, 4;
    %delay 10, 0;
    %pushi/vec4 11, 0, 4;
    %store/vec4 v00000201f75c83a0_0, 0, 4;
    %delay 10, 0;
    %end;
    .thread T_1;
# The file index is used to find the file name in the following table.
:file_names 4;
    "N/A";
    "<interactive>";
    "salu_tb.v";
    "salu.v";
